生成启动时间为 2017/6/2 星期五 10:49:06。
     1>项目“G:\zigbee\Positioning\Positioning\Positioning.vcxproj”在节点 2 上(build 个目标)。
     1>InitializeBuildStatus:
         正在创建“Debug\Positioning.unsuccessfulbuild”，因为已指定“AlwaysCreate”。
       Midl:
         所有输出均为最新。
       ClCompile:
         所有输出均为最新。
         所有输出均为最新。
       ResourceCompile:
         所有输出均为最新。
       ManifestResourceCompile:
         所有输出均为最新。
       Link:
         所有输出均为最新。
       Manifest:
         C:\Program Files\Microsoft SDKs\Windows\v7.0A\bin\mt.exe /nologo /verbose /out:"Debug\Positioning.exe.embed.manifest" /manifest Debug\Positioning.exe.intermediate.manifest D:\vs2010\VC\Include\Manifest\dpiaware.manifest
         所有输出均为最新。
       FinalizeBuildStatus:
         正在删除文件“Debug\Positioning.unsuccessfulbuild”。
         正在对“Debug\Positioning.lastbuildstate”执行 Touch 任务。
     1>已完成生成项目“G:\zigbee\Positioning\Positioning\Positioning.vcxproj”(build 个目标)的操作。

生成成功。

已用时间 00:00:00.48
